{"name": "test_broken", "status": "broken", "statusDetails": {"message": "Exception: oops", "trace": "def test_broken():\n>       raise Exception('oops')\nE       Exception: oops\n\ntest_allured.py:23: Exception"}, "start": 1616058300367, "stop": 1616058300367, "uuid": "c30c4e16-727b-4eef-b4c3-b4e5ec3728ac", "historyId": "5ae6d3529c4593578ded91c53f243238", "testCaseId": "e9917469716405e924484a937c334b29", "fullName": "test_allured#test_broken", "labels": [{"name": "suite", "value": "test_allured"}, {"name": "host", "value": "gioddeMacBook-Pro.local"}, {"name": "thread", "value": "98272-MainThread"}, {"name": "framework", "value": "pytest"}, {"name": "language", "value": "cpython3"}, {"name": "package", "value": "test_allured"}]}