{
  "uid" : "6585e3eb141168ab",
  "name" : "test_broken",
  "fullName" : "test_allured#test_broken",
  "historyId" : "5ae6d3529c4593578ded91c53f243238",
  "time" : {
    "start" : 1616058330412,
    "stop" : 1616058330412,
    "duration" : 0
  },
  "status" : "broken",
  "statusMessage" : "Exception: oops",
  "statusTrace" : "def test_broken():\n>       raise Exception('oops')\nE       Exception: oops\n\ntest_allured.py:23: Exception",
  "flaky" : false,
  "newFailed" : false,
  "beforeStages" : [ ],
  "afterStages" : [ ],
  "labels" : [ {
    "name" : "suite",
    "value" : "test_allured"
  }, {
    "name" : "host",
    "value" : "gioddeMacBook-Pro.local"
  }, {
    "name" : "thread",
    "value" : "98301-MainThread"
  }, {
    "name" : "framework",
    "value" : "pytest"
  }, {
    "name" : "language",
    "value" : "cpython3"
  }, {
    "name" : "package",
    "value" : "test_allured"
  }, {
    "name" : "resultFormat",
    "value" : "allure2"
  } ],
  "parameters" : [ ],
  "links" : [ ],
  "hidden" : false,
  "retry" : false,
  "extra" : {
    "severity" : "normal",
    "retries" : [ ],
    "categories" : [ {
      "name" : "Test defects",
      "matchedStatuses" : [ ],
      "flaky" : false
    } ],
    "tags" : [ ]
  },
  "source" : "6585e3eb141168ab.json",
  "parameterValues" : [ ]
}