{
  "uid" : "f31d8bba5eea00b7",
  "name" : "test_failure",
  "fullName" : "test_allured#test_failure",
  "historyId" : "caea8814866f0edda4a043a391cfed17",
  "time" : {
    "start" : 1616058330381,
    "stop" : 1616058330381,
    "duration" : 0
  },
  "description" : "this test fails",
  "descriptionHtml" : "<p>this test fails</p>\n",
  "status" : "failed",
  "statusMessage" : "AssertionError: assert False",
  "statusTrace" : "def test_failure():\n        \"\"\"this test fails\"\"\"\n>       assert False\nE       assert False\n\ntest_allured.py:14: AssertionError",
  "flaky" : false,
  "newFailed" : false,
  "beforeStages" : [ ],
  "afterStages" : [ ],
  "labels" : [ {
    "name" : "suite",
    "value" : "test_allured"
  }, {
    "name" : "host",
    "value" : "gioddeMacBook-Pro.local"
  }, {
    "name" : "thread",
    "value" : "98301-MainThread"
  }, {
    "name" : "framework",
    "value" : "pytest"
  }, {
    "name" : "language",
    "value" : "cpython3"
  }, {
    "name" : "package",
    "value" : "test_allured"
  }, {
    "name" : "resultFormat",
    "value" : "allure2"
  } ],
  "parameters" : [ ],
  "links" : [ ],
  "hidden" : false,
  "retry" : false,
  "extra" : {
    "severity" : "normal",
    "retries" : [ ],
    "categories" : [ {
      "name" : "Product defects",
      "matchedStatuses" : [ ],
      "flaky" : false
    } ],
    "tags" : [ ]
  },
  "source" : "f31d8bba5eea00b7.json",
  "parameterValues" : [ ]
}