{"name": "test_broken", "status": "broken", "statusDetails": {"message": "Exception: oops", "trace": "def test_broken():\n>       raise Exception('oops')\nE       Exception: oops\n\ntest_allured.py:23: Exception"}, "start": 1616058330412, "stop": 1616058330412, "uuid": "cfb497f9-a145-496a-b2f0-54429399830c", "historyId": "5ae6d3529c4593578ded91c53f243238", "testCaseId": "e9917469716405e924484a937c334b29", "fullName": "test_allured#test_broken", "labels": [{"name": "suite", "value": "test_allured"}, {"name": "host", "value": "gioddeMacBook-Pro.local"}, {"name": "thread", "value": "98301-MainThread"}, {"name": "framework", "value": "pytest"}, {"name": "language", "value": "cpython3"}, {"name": "package", "value": "test_allured"}]}